<?xml version="1.0" encoding="UTF-8"?>
<!-- Generated by org.testng.reporters.JUnitReportReporter -->
<testsuite hostname="IFOCUSODC-PC47" name="AP1_Prod.CheckMail_Prod" tests="1" failures="0" timestamp="31 May 2018 13:50:27 GMT" time="0.000" errors="1">
  <testcase name="checkemail_Traditional" time="0.000" classname="AP1_Prod.CheckMail_Prod">
    <error type="org.testng.TestNGException" message="
Parameter &#039;path&#039; is required by @Test on method checkemail_Traditional but has not been marked @Optional or defined
in C:\Users\ifocus.IFOCUSODC-PC47\AppData\Local\Temp\testng-eclipse-1920509588\testng-customsuite.xml">
      <![CDATA[org.testng.TestNGException: 
Parameter 'path' is required by @Test on method checkemail_Traditional but has not been marked @Optional or defined
in C:\Users\ifocus.IFOCUSODC-PC47\AppData\Local\Temp\testng-eclipse-1920509588\testng-customsuite.xml
	at org.testng.internal.Parameters.createParameters(Parameters.java:154)
	at org.testng.internal.Parameters.createParameters(Parameters.java:361)
	at org.testng.internal.Parameters.handleParameters(Parameters.java:451)
	at org.testng.internal.Invoker.handleParameters(Invoker.java:1274)
	at org.testng.internal.Invoker.createParameters(Invoker.java:989)
	at org.testng.internal.Invoker.invokeTestMethods(Invoker.java:1079)
	at org.testng.internal.TestMethodWorker.invokeTestMethods(TestMethodWorker.java:129)
	at org.testng.internal.TestMethodWorker.run(TestMethodWorker.java:112)
	at org.testng.TestRunner.privateRun(TestRunner.java:782)
	at org.testng.TestRunner.run(TestRunner.java:632)
	at org.testng.SuiteRunner.runTest(SuiteRunner.java:366)
	at org.testng.SuiteRunner.runSequentially(SuiteRunner.java:361)
	at org.testng.SuiteRunner.privateRun(SuiteRunner.java:319)
	at org.testng.SuiteRunner.run(SuiteRunner.java:268)
	at org.testng.SuiteRunnerWorker.runSuite(SuiteRunnerWorker.java:52)
	at org.testng.SuiteRunnerWorker.run(SuiteRunnerWorker.java:86)
	at org.testng.TestNG.runSuitesSequentially(TestNG.java:1244)
	at org.testng.TestNG.runSuitesLocally(TestNG.java:1169)
	at org.testng.TestNG.run(TestNG.java:1064)
	at org.testng.remote.AbstractRemoteTestNG.run(AbstractRemoteTestNG.java:114)
	at org.testng.remote.RemoteTestNG.initAndRun(RemoteTestNG.java:251)
	at org.testng.remote.RemoteTestNG.main(RemoteTestNG.java:77)
]]>
    </error>
  </testcase> <!-- checkemail_Traditional -->
</testsuite> <!-- AP1_Prod.CheckMail_Prod -->
